<?xml version="1.0" encoding="UTF-8"?>
<!-- Generated by org.testng.reporters.JUnitReportReporter -->
<testsuite hostname="LAPTOP-A5CP21QS" failures="0" tests="2" name="com.crm.qa.testcases.LoginPageTest" time="10.537" errors="0" timestamp="16 Apr 2022 14:40:52 GMT">
  <testcase classname="com.crm.qa.testcases.LoginPageTest" name="logintoPage" time="4.760"/>
  <testcase classname="com.crm.qa.testcases.LoginPageTest" name="LoginPageTitleTest" time="5.777"/>
</testsuite> <!-- com.crm.qa.testcases.LoginPageTest -->
